<?xml version="1.0" encoding="UTF-8"?>
<!-- Generated by org.testng.reporters.JUnitXMLReporter -->
<testsuite ignored="0" hostname="DESKTOP-NN9GD7G" failures="1" tests="2" name="Test" time="27.975" errors="0" timestamp="2021-11-29T14:14:01 IST">
  <testcase classname="learnTestNG.CheckTitle" name="checktitle" time="0.015">
    <failure type="java.lang.AssertionError" message="expected [google] but found [Google]">
      <![CDATA[java.lang.AssertionError: expected [google] but found [Google]
at learnTestNG.CheckTitle.checktitle(CheckTitle.java:25)
at java.base/java.util.ArrayList.forEach(ArrayList.java:1541)
... Removed 33 stack frames]]>
    </failure>
  </testcase> <!-- checktitle -->
  <testcase classname="learnTestNG.CheckTitle" name="checklogo" time="0.055"/>
</testsuite> <!-- Test -->
